    Found 2 E8 games
    [FINAL] Iowa vs Illinois...
    [FINAL] Purdue vs Arizona...
  Fetching scoreboard for 2026-03-29...
    Found 2 E8 games
    [FINAL] Tennessee vs Michigan...
    [FINAL] UConn vs Duke...
  Processed 4 final games
  Saved scores to tournament_scores.json
  Saved 64 games to tournament_games.json

Building feeds...
  Wrote /Users/barracuda/Development/projects/march-madness-tracker/data/leaderboard.json
  Wrote /Users/barracuda/Development/projects/march-madness-tracker/data/games.json
  Wrote /Users/barracuda/Development/projects/march-madness-tracker/data/meta.json

============================================================
  MARCH MADNESS 2026 — F4
============================================================
Rank  Manager               Total   Active
----- -------------------- ------ --------
1     Alex Magged             408      2/8
2     Jordan Mackler          354      2/8
3     Josh Ehrlich            329      3/8
4     AJ Spile                326      0/8
5     Nick Reskin             323      1/8
6     Brandon Nye             320      1/8
7     Mark Weiner             315      2/8
8     Mike Haughey            307      3/8
9     Schaf Chulay            280      2/8
10    Jake Pollack            251      0/8

Eliminated teams (65): Akron, Alabama, Arkansas, BYU, California Baptist, Clemson, Duke, Florida, Furman, Georgia, Gonzaga, Hawaii, High Point, Hofstra, Houston, Howard, Idaho, Iowa, Iowa St., Kansas, Kennesaw St., Kentucky, LIU, Lehigh, Louisville, McNeese, Miami (FL), Miami (OH), Miami FL, Michigan St., Missouri, NC State, Nebraska, North Carolina, North Dakota St., Ohio St., Penn, Prairie View, Purdue, Queens (NC), SMU, Saint Louis, Saint Mary's (CA), Santa Clara, Siena, South Fla., St. John's (NY), TCU, Tennessee, Tennessee St., Texas, Texas A&M, Texas Tech, Troy, UCF, UCLA, UMBC, UNI, Utah St., VCU, Vanderbilt, Villanova, Virginia, Wisconsin, Wright St.
Sun Mar 29 20:17:11 PDT 2026: Pushed (F4)
Sun Mar 29 20:22:11 PDT 2026: Syncing...

=== Syncing E8 ===
  Fetching scoreboard for 2026-03-28...
    Found 2 E8 games
    [FINAL] Iowa vs Illinois...
    [FINAL] Purdue vs Arizona...
  Fetching scoreboard for 2026-03-29...
    Found 2 E8 games
    [FINAL] Tennessee vs Michigan...
    [FINAL] UConn vs Duke...
  Processed 4 final games
  Saved scores to tournament_scores.json
  Saved 64 games to tournament_games.json

Building feeds...
  Wrote /Users/barracuda/Development/projects/march-madness-tracker/data/leaderboard.json
  Wrote /Users/barracuda/Development/projects/march-madness-tracker/data/games.json
  Wrote /Users/barracuda/Development/projects/march-madness-tracker/data/meta.json

============================================================
  MARCH MADNESS 2026 — F4
============================================================
Rank  Manager               Total   Active
----- -------------------- ------ --------
1     Alex Magged             408      2/8
2     Jordan Mackler          354      2/8
3     Josh Ehrlich            329      3/8
4     AJ Spile                326      0/8
5     Nick Reskin             323      1/8
6     Brandon Nye             320      1/8
7     Mark Weiner             315      2/8
8     Mike Haughey            307      3/8
9     Schaf Chulay            280      2/8
10    Jake Pollack            251      0/8

Eliminated teams (65): Akron, Alabama, Arkansas, BYU, California Baptist, Clemson, Duke, Florida, Furman, Georgia, Gonzaga, Hawaii, High Point, Hofstra, Houston, Howard, Idaho, Iowa, Iowa St., Kansas, Kennesaw St., Kentucky, LIU, Lehigh, Louisville, McNeese, Miami (FL), Miami (OH), Miami FL, Michigan St., Missouri, NC State, Nebraska, North Carolina, North Dakota St., Ohio St., Penn, Prairie View, Purdue, Queens (NC), SMU, Saint Louis, Saint Mary's (CA), Santa Clara, Siena, South Fla., St. John's (NY), TCU, Tennessee, Tennessee St., Texas, Texas A&M, Texas Tech, Troy, UCF, UCLA, UMBC, UNI, Utah St., VCU, Vanderbilt, Villanova, Virginia, Wisconsin, Wright St.
Sun Mar 29 20:22:16 PDT 2026: Pushed (F4)
Sun Mar 29 20:27:16 PDT 2026: Syncing...

=== Syncing E8 ===
  Fetching scoreboard for 2026-03-28...
    Found 2 E8 games
    [FINAL] Iowa vs Illinois...
    [FINAL] Purdue vs Arizona...
  Fetching scoreboard for 2026-03-29...
    Found 2 E8 games
    [FINAL] Tennessee vs Michigan...
    [FINAL] UConn vs Duke...
  Processed 4 final games
  Saved scores to tournament_scores.json
  Saved 64 games to tournament_games.json

Building feeds...
  Wrote /Users/barracuda/Development/projects/march-madness-tracker/data/leaderboard.json
  Wrote /Users/barracuda/Development/projects/march-madness-tracker/data/games.json
  Wrote /Users/barracuda/Development/projects/march-madness-tracker/data/meta.json

============================================================
  MARCH MADNESS 2026 — F4
============================================================
Rank  Manager               Total   Active
----- -------------------- ------ --------
1     Alex Magged             408      2/8
2     Jordan Mackler          354      2/8
3     Josh Ehrlich            329      3/8
4     AJ Spile                326      0/8
5     Nick Reskin             323      1/8
6     Brandon Nye             320      1/8
7     Mark Weiner             315      2/8
8     Mike Haughey            307      3/8
9     Schaf Chulay            280      2/8
10    Jake Pollack            251      0/8

Eliminated teams (65): Akron, Alabama, Arkansas, BYU, California Baptist, Clemson, Duke, Florida, Furman, Georgia, Gonzaga, Hawaii, High Point, Hofstra, Houston, Howard, Idaho, Iowa, Iowa St., Kansas, Kennesaw St., Kentucky, LIU, Lehigh, Louisville, McNeese, Miami (FL), Miami (OH), Miami FL, Michigan St., Missouri, NC State, Nebraska, North Carolina, North Dakota St., Ohio St., Penn, Prairie View, Purdue, Queens (NC), SMU, Saint Louis, Saint Mary's (CA), Santa Clara, Siena, South Fla., St. John's (NY), TCU, Tennessee, Tennessee St., Texas, Texas A&M, Texas Tech, Troy, UCF, UCLA, UMBC, UNI, Utah St., VCU, Vanderbilt, Villanova, Virginia, Wisconsin, Wright St.
Sun Mar 29 20:27:21 PDT 2026: Pushed (F4)
Sun Mar 29 20:32:21 PDT 2026: Syncing...

=== Syncing E8 ===
  Fetching scoreboard for 2026-03-28...
    Found 2 E8 games
    [FINAL] Iowa vs Illinois...
    [FINAL] Purdue vs Arizona...
  Fetching scoreboard for 2026-03-29...
    Found 2 E8 games
    [FINAL] Tennessee vs Michigan...
    [FINAL] UConn vs Duke...
  Processed 4 final games
  Saved scores to tournament_scores.json
  Saved 64 games to tournament_games.json

Building feeds...
  Wrote /Users/barracuda/Development/projects/march-madness-tracker/data/leaderboard.json
  Wrote /Users/barracuda/Development/projects/march-madness-tracker/data/games.json
  Wrote /Users/barracuda/Development/projects/march-madness-tracker/data/meta.json

============================================================
  MARCH MADNESS 2026 — F4
============================================================
Rank  Manager               Total   Active
----- -------------------- ------ --------
1     Alex Magged             408      2/8
2     Jordan Mackler          354      2/8
3     Josh Ehrlich            329      3/8
4     AJ Spile                326      0/8
5     Nick Reskin             323      1/8
6     Brandon Nye             320      1/8
7     Mark Weiner             315      2/8
8     Mike Haughey            307      3/8
9     Schaf Chulay            280      2/8
10    Jake Pollack            251      0/8

Eliminated teams (65): Akron, Alabama, Arkansas, BYU, California Baptist, Clemson, Duke, Florida, Furman, Georgia, Gonzaga, Hawaii, High Point, Hofstra, Houston, Howard, Idaho, Iowa, Iowa St., Kansas, Kennesaw St., Kentucky, LIU, Lehigh, Louisville, McNeese, Miami (FL), Miami (OH), Miami FL, Michigan St., Missouri, NC State, Nebraska, North Carolina, North Dakota St., Ohio St., Penn, Prairie View, Purdue, Queens (NC), SMU, Saint Louis, Saint Mary's (CA), Santa Clara, Siena, South Fla., St. John's (NY), TCU, Tennessee, Tennessee St., Texas, Texas A&M, Texas Tech, Troy, UCF, UCLA, UMBC, UNI, Utah St., VCU, Vanderbilt, Villanova, Virginia, Wisconsin, Wright St.
Sun Mar 29 20:32:27 PDT 2026: Pushed (F4)
Sun Mar 29 20:37:27 PDT 2026: Syncing...

=== Syncing E8 ===
  Fetching scoreboard for 2026-03-28...
    Found 2 E8 games
    [FINAL] Iowa vs Illinois...
    [FINAL] Purdue vs Arizona...
  Fetching scoreboard for 2026-03-29...
    Found 2 E8 games
    [FINAL] Tennessee vs Michigan...
    [FINAL] UConn vs Duke...
  Processed 4 final games
  Saved scores to tournament_scores.json
  Saved 64 games to tournament_games.json

Building feeds...
  Wrote /Users/barracuda/Development/projects/march-madness-tracker/data/leaderboard.json
  Wrote /Users/barracuda/Development/projects/march-madness-tracker/data/games.json
  Wrote /Users/barracuda/Development/projects/march-madness-tracker/data/meta.json

============================================================
  MARCH MADNESS 2026 — F4
============================================================
Rank  Manager               Total   Active
----- -------------------- ------ --------
1     Alex Magged             408      2/8
2     Jordan Mackler          354      2/8
3     Josh Ehrlich            329      3/8
4     AJ Spile                326      0/8
5     Nick Reskin             323      1/8
6     Brandon Nye             320      1/8
7     Mark Weiner             315      2/8
8     Mike Haughey            307      3/8
9     Schaf Chulay            280      2/8
10    Jake Pollack            251      0/8

Eliminated teams (65): Akron, Alabama, Arkansas, BYU, California Baptist, Clemson, Duke, Florida, Furman, Georgia, Gonzaga, Hawaii, High Point, Hofstra, Houston, Howard, Idaho, Iowa, Iowa St., Kansas, Kennesaw St., Kentucky, LIU, Lehigh, Louisville, McNeese, Miami (FL), Miami (OH), Miami FL, Michigan St., Missouri, NC State, Nebraska, North Carolina, North Dakota St., Ohio St., Penn, Prairie View, Purdue, Queens (NC), SMU, Saint Louis, Saint Mary's (CA), Santa Clara, Siena, South Fla., St. John's (NY), TCU, Tennessee, Tennessee St., Texas, Texas A&M, Texas Tech, Troy, UCF, UCLA, UMBC, UNI, Utah St., VCU, Vanderbilt, Villanova, Virginia, Wisconsin, Wright St.
Sun Mar 29 20:37:32 PDT 2026: Pushed (F4)
Sun Mar 29 20:42:32 PDT 2026: Syncing...

=== Syncing E8 ===
  Fetching scoreboard for 2026-03-28...
    Found 2 E8 games
    [FINAL] Iowa vs Illinois...
    [FINAL] Purdue vs Arizona...
  Fetching scoreboard for 2026-03-29...
    Found 2 E8 games
    [FINAL] Tennessee vs Michigan...
    [FINAL] UConn vs Duke...
  Processed 4 final games
  Saved scores to tournament_scores.json
  Saved 64 games to tournament_games.json

Building feeds...
  Wrote /Users/barracuda/Development/projects/march-madness-tracker/data/leaderboard.json
  Wrote /Users/barracuda/Development/projects/march-madness-tracker/data/games.json
  Wrote /Users/barracuda/Development/projects/march-madness-tracker/data/meta.json

============================================================
  MARCH MADNESS 2026 — F4
============================================================
Rank  Manager               Total   Active
----- -------------------- ------ --------
1     Alex Magged             408      2/8
2     Jordan Mackler          354      2/8
3     Josh Ehrlich            329      3/8
4     AJ Spile                326      0/8
5     Nick Reskin             323      1/8
6     Brandon Nye             320      1/8
7     Mark Weiner             315      2/8
8     Mike Haughey            307      3/8
9     Schaf Chulay            280      2/8
10    Jake Pollack            251      0/8

Eliminated teams (65): Akron, Alabama, Arkansas, BYU, California Baptist, Clemson, Duke, Florida, Furman, Georgia, Gonzaga, Hawaii, High Point, Hofstra, Houston, Howard, Idaho, Iowa, Iowa St., Kansas, Kennesaw St., Kentucky, LIU, Lehigh, Louisville, McNeese, Miami (FL), Miami (OH), Miami FL, Michigan St., Missouri, NC State, Nebraska, North Carolina, North Dakota St., Ohio St., Penn, Prairie View, Purdue, Queens (NC), SMU, Saint Louis, Saint Mary's (CA), Santa Clara, Siena, South Fla., St. John's (NY), TCU, Tennessee, Tennessee St., Texas, Texas A&M, Texas Tech, Troy, UCF, UCLA, UMBC, UNI, Utah St., VCU, Vanderbilt, Villanova, Virginia, Wisconsin, Wright St.
Sun Mar 29 20:42:37 PDT 2026: Pushed (F4)
Sun Mar 29 20:47:37 PDT 2026: Syncing...

=== Syncing E8 ===
  Fetching scoreboard for 2026-03-28...
    Found 2 E8 games
    [FINAL] Iowa vs Illinois...
    [FINAL] Purdue vs Arizona...
  Fetching scoreboard for 2026-03-29...
    Found 2 E8 games
    [FINAL] Tennessee vs Michigan...
    [FINAL] UConn vs Duke...
  Processed 4 final games
  Saved scores to tournament_scores.json
  Saved 64 games to tournament_games.json

Building feeds...
  Wrote /Users/barracuda/Development/projects/march-madness-tracker/data/leaderboard.json
  Wrote /Users/barracuda/Development/projects/march-madness-tracker/data/games.json
  Wrote /Users/barracuda/Development/projects/march-madness-tracker/data/meta.json

============================================================
  MARCH MADNESS 2026 — F4
============================================================
Rank  Manager               Total   Active
----- -------------------- ------ --------
1     Alex Magged             408      2/8
2     Jordan Mackler          354      2/8
3     Josh Ehrlich            329      3/8
4     AJ Spile                326      0/8
5     Nick Reskin             323      1/8
6     Brandon Nye             320      1/8
7     Mark Weiner             315      2/8
8     Mike Haughey            307      3/8
9     Schaf Chulay            280      2/8
10    Jake Pollack            251      0/8

Eliminated teams (65): Akron, Alabama, Arkansas, BYU, California Baptist, Clemson, Duke, Florida, Furman, Georgia, Gonzaga, Hawaii, High Point, Hofstra, Houston, Howard, Idaho, Iowa, Iowa St., Kansas, Kennesaw St., Kentucky, LIU, Lehigh, Louisville, McNeese, Miami (FL), Miami (OH), Miami FL, Michigan St., Missouri, NC State, Nebraska, North Carolina, North Dakota St., Ohio St., Penn, Prairie View, Purdue, Queens (NC), SMU, Saint Louis, Saint Mary's (CA), Santa Clara, Siena, South Fla., St. John's (NY), TCU, Tennessee, Tennessee St., Texas, Texas A&M, Texas Tech, Troy, UCF, UCLA, UMBC, UNI, Utah St., VCU, Vanderbilt, Villanova, Virginia, Wisconsin, Wright St.
Sun Mar 29 20:47:42 PDT 2026: Pushed (F4)
Sun Mar 29 20:52:42 PDT 2026: Syncing...

=== Syncing E8 ===
  Fetching scoreboard for 2026-03-28...
    Found 2 E8 games
    [FINAL] Iowa vs Illinois...
    [FINAL] Purdue vs Arizona...
  Fetching scoreboard for 2026-03-29...
    Found 2 E8 games
    [FINAL] Tennessee vs Michigan...
    [FINAL] UConn vs Duke...
  Processed 4 final games
  Saved scores to tournament_scores.json
  Saved 64 games to tournament_games.json

Building feeds...
  Wrote /Users/barracuda/Development/projects/march-madness-tracker/data/leaderboard.json
  Wrote /Users/barracuda/Development/projects/march-madness-tracker/data/games.json
  Wrote /Users/barracuda/Development/projects/march-madness-tracker/data/meta.json

============================================================
  MARCH MADNESS 2026 — F4
============================================================
Rank  Manager               Total   Active
----- -------------------- ------ --------
1     Alex Magged             408      2/8
2     Jordan Mackler          354      2/8
3     Josh Ehrlich            329      3/8
4     AJ Spile                326      0/8
5     Nick Reskin             323      1/8
6     Brandon Nye             320      1/8
7     Mark Weiner             315      2/8
8     Mike Haughey            307      3/8
9     Schaf Chulay            280      2/8
10    Jake Pollack            251      0/8

Eliminated teams (65): Akron, Alabama, Arkansas, BYU, California Baptist, Clemson, Duke, Florida, Furman, Georgia, Gonzaga, Hawaii, High Point, Hofstra, Houston, Howard, Idaho, Iowa, Iowa St., Kansas, Kennesaw St., Kentucky, LIU, Lehigh, Louisville, McNeese, Miami (FL), Miami (OH), Miami FL, Michigan St., Missouri, NC State, Nebraska, North Carolina, North Dakota St., Ohio St., Penn, Prairie View, Purdue, Queens (NC), SMU, Saint Louis, Saint Mary's (CA), Santa Clara, Siena, South Fla., St. John's (NY), TCU, Tennessee, Tennessee St., Texas, Texas A&M, Texas Tech, Troy, UCF, UCLA, UMBC, UNI, Utah St., VCU, Vanderbilt, Villanova, Virginia, Wisconsin, Wright St.
Sun Mar 29 20:52:47 PDT 2026: Pushed (F4)
Sun Mar 29 20:57:47 PDT 2026: Syncing...

=== Syncing E8 ===
  Fetching scoreboard for 2026-03-28...
    Found 2 E8 games
    [FINAL] Iowa vs Illinois...
    [FINAL] Purdue vs Arizona...
  Fetching scoreboard for 2026-03-29...
    Found 2 E8 games
    [FINAL] Tennessee vs Michigan...
    [FINAL] UConn vs Duke...
  Processed 4 final games
  Saved scores to tournament_scores.json
  Saved 64 games to tournament_games.json

Building feeds...
  Wrote /Users/barracuda/Development/projects/march-madness-tracker/data/leaderboard.json
  Wrote /Users/barracuda/Development/projects/march-madness-tracker/data/games.json
  Wrote /Users/barracuda/Development/projects/march-madness-tracker/data/meta.json

============================================================
  MARCH MADNESS 2026 — F4
============================================================
Rank  Manager               Total   Active
----- -------------------- ------ --------
1     Alex Magged             408      2/8
2     Jordan Mackler          354      2/8
3     Josh Ehrlich            329      3/8
4     AJ Spile                326      0/8
5     Nick Reskin             323      1/8
6     Brandon Nye             320      1/8
7     Mark Weiner             315      2/8
8     Mike Haughey            307      3/8
9     Schaf Chulay            280      2/8
10    Jake Pollack            251      0/8

Eliminated teams (65): Akron, Alabama, Arkansas, BYU, California Baptist, Clemson, Duke, Florida, Furman, Georgia, Gonzaga, Hawaii, High Point, Hofstra, Houston, Howard, Idaho, Iowa, Iowa St., Kansas, Kennesaw St., Kentucky, LIU, Lehigh, Louisville, McNeese, Miami (FL), Miami (OH), Miami FL, Michigan St., Missouri, NC State, Nebraska, North Carolina, North Dakota St., Ohio St., Penn, Prairie View, Purdue, Queens (NC), SMU, Saint Louis, Saint Mary's (CA), Santa Clara, Siena, South Fla., St. John's (NY), TCU, Tennessee, Tennessee St., Texas, Texas A&M, Texas Tech, Troy, UCF, UCLA, UMBC, UNI, Utah St., VCU, Vanderbilt, Villanova, Virginia, Wisconsin, Wright St.
Sun Mar 29 20:57:52 PDT 2026: Pushed (F4)
